0 info it worked if it ends with ok
1 verbose cli [ 'C:\\Program Files\\nodejs\\node.exe',
1 verbose cli   'C:\\Users\\Peter Dinh\\AppData\\Roaming\\npm\\node_modules\\npm\\bin\\npm-cli.js',
1 verbose cli   'run',
1 verbose cli   'test' ]
2 info using npm@3.9.6
3 info using node@v4.4.3
4 verbose run-script [ 'pretest', 'test', 'posttest' ]
5 info lifecycle potentpotables@1.0.0~pretest: potentpotables@1.0.0
6 silly lifecycle potentpotables@1.0.0~pretest: no script for pretest, continuing
7 info lifecycle potentpotables@1.0.0~test: potentpotables@1.0.0
8 verbose lifecycle potentpotables@1.0.0~test: unsafe-perm in lifecycle true
9 verbose lifecycle potentpotables@1.0.0~test: PATH: C:\Users\Peter Dinh\AppData\Roaming\npm\node_modules\npm\bin\node-gyp-bin;C:\Users\Peter Dinh\Desktop\potentPotables\node_modules\.bin;C:\Program Files\nodejs;C:\Users\Peter Dinh\bin;C:\Program Files (x86)\Git\mingw32\bin;C:\Program Files (x86)\Git\usr\local\bin;C:\Program Files (x86)\Git\usr\bin;C:\Program Files (x86)\Git\usr\bin;C:\Program Files (x86)\Git\mingw32\bin;C:\Program Files (x86)\Git\usr\bin;C:\Users\Peter Dinh\bin;C:\ProgramData\Oracle\Java\javapath;C:\Program Files (x86)\Intel\iCLS Client;C:\Program Files\Intel\iCLS Client;C:\Windows\system32;C:\Windows;C:\Windows\System32\Wbem;C:\Windows\System32\WindowsPowerShell\v1.0;C:\Program Files\Intel\Intel(R) Management Engine Components\DAL;C:\Program Files\Intel\Intel(R) Management Engine Components\IPT;C:\Program Files (x86)\Intel\Intel(R) Management Engine Components\DAL;C:\Program Files (x86)\Intel\Intel(R) Management Engine Components\IPT;C:\Program Files\Intel\WiFi\bin;C:\Program Files\Common Files\Intel\WirelessCommon;C:\Program Files (x86)\NVIDIA Corporation\PhysX\Common;C:\WINDOWS\system32;C:\WINDOWS;C:\WINDOWS\System32\Wbem;C:\WINDOWS\System32\WindowsPowerShell\v1.0;C:\Program Files (x86)\Skype\Phone;C:\Program Files\TortoiseGit\bin;C:\Program Files\nodejs;C:\Program Files (x86)\Brackets\command;C:\Program Files (x86)\Heroku\bin;C:\Program Files (x86)\git\cmd;C:\Program Files (x86)\Git\cmd;C:\Program Files (x86)\Windows Live\Shared;C:\Users\Peter Dinh\AppData\Roaming\npm;C:\Program Files\MongoDB\Server\3.2\bin;C:\Ruby22-x64\bin;C:\bin\phantomjs\bin;C:\casperjs\bin;C:\Python27;C:\Program Files\Docker Toolbox;C:\Program Files (x86)\Git\usr\bin\vendor_perl;C:\Program Files (x86)\Git\usr\bin\core_perl
10 verbose lifecycle potentpotables@1.0.0~test: CWD: C:\Users\Peter Dinh\Desktop\potentPotables
11 silly lifecycle potentpotables@1.0.0~test: Args: [ '/d /s /c',
11 silly lifecycle   'mocha --compilers js:babel-core/register --require ./test/test_helper.js --recursive ./test' ]
12 silly lifecycle potentpotables@1.0.0~test: Returned: code: 9  signal: null
13 info lifecycle potentpotables@1.0.0~test: Failed to exec test script
14 verbose stack Error: potentpotables@1.0.0 test: `mocha --compilers js:babel-core/register --require ./test/test_helper.js --recursive ./test`
14 verbose stack Exit status 9
14 verbose stack     at EventEmitter.<anonymous> (C:\Users\Peter Dinh\AppData\Roaming\npm\node_modules\npm\lib\utils\lifecycle.js:245:16)
14 verbose stack     at emitTwo (events.js:87:13)
14 verbose stack     at EventEmitter.emit (events.js:172:7)
14 verbose stack     at ChildProcess.<anonymous> (C:\Users\Peter Dinh\AppData\Roaming\npm\node_modules\npm\lib\utils\spawn.js:24:14)
14 verbose stack     at emitTwo (events.js:87:13)
14 verbose stack     at ChildProcess.emit (events.js:172:7)
14 verbose stack     at maybeClose (internal/child_process.js:827:16)
14 verbose stack     at Process.ChildProcess._handle.onexit (internal/child_process.js:211:5)
15 verbose pkgid potentpotables@1.0.0
16 verbose cwd C:\Users\Peter Dinh\Desktop\potentPotables
17 error Windows_NT 10.0.10586
18 error argv "C:\\Program Files\\nodejs\\node.exe" "C:\\Users\\Peter Dinh\\AppData\\Roaming\\npm\\node_modules\\npm\\bin\\npm-cli.js" "run" "test"
19 error node v4.4.3
20 error npm  v3.9.6
21 error code ELIFECYCLE
22 error potentpotables@1.0.0 test: `mocha --compilers js:babel-core/register --require ./test/test_helper.js --recursive ./test`
22 error Exit status 9
23 error Failed at the potentpotables@1.0.0 test script 'mocha --compilers js:babel-core/register --require ./test/test_helper.js --recursive ./test'.
23 error Make sure you have the latest version of node.js and npm installed.
23 error If you do, this is most likely a problem with the potentpotables package,
23 error not with npm itself.
23 error Tell the author that this fails on your system:
23 error     mocha --compilers js:babel-core/register --require ./test/test_helper.js --recursive ./test
23 error You can get information on how to open an issue for this project with:
23 error     npm bugs potentpotables
23 error Or if that isn't available, you can get their info via:
23 error     npm owner ls potentpotables
23 error There is likely additional logging output above.
24 verbose exit [ 1, true ]
